<?xml version="1.0" encoding="UTF-8"?>
<!-- Generated by org.testng.reporters.JUnitReportReporter -->
<testsuite hostname="SCL554" failures="0" tests="7" name="TC01_GET" time="4.395" errors="0" timestamp="2022-12-10T07:44:40 IST" skipped="0">
  <testcase classname="TC01_GET" name="testCase_03_POST" time="0.431"/>
  <system-out/>
  <testcase classname="TC01_GET" name="testCase_05_PUT" time="0.435"/>
  <system-out/>
  <testcase classname="TC01_GET" name="testCase_02_GET" time="0.545"/>
  <system-out/>
  <testcase classname="TC01_GET" name="testCase_06_DELETE" time="0.425"/>
  <system-out/>
  <testcase classname="TC01_GET" name="testCase_04_POST" time="0.780"/>
  <system-out/>
  <testcase classname="TC01_GET" name="testCase_07_PATCH" time="0.472"/>
  <system-out/>
  <testcase classname="TC01_GET" name="testCase_01_GET" time="1.307"/>
  <system-out/>
</testsuite> <!-- TC01_GET -->
